<?xml version="1.0" encoding="UTF-8"?>
<!-- Generated by org.testng.reporters.JUnitReportReporter -->
<testsuite hostname="t2s-019" name="com.uktech.test.frontEnd_Dynamic.zDATACreationCreateJSON" tests="1" failures="0" timestamp="16 Mar 2017 06:53:19 GMT" time="0.527" errors="0">
  <testcase name="createJSONFile" time="0.527" classname="com.uktech.test.frontEnd_Dynamic.zDATACreationCreateJSON"/>
</testsuite> <!-- com.uktech.test.frontEnd_Dynamic.zDATACreationCreateJSON -->
