<?xml version="1.0" encoding="UTF-8"?>
<!-- Generated by org.testng.reporters.JUnitReportReporter -->
<testsuite hostname="t2s-019" name="com.uktech.test.frontEnd_Dynamic.zDATACreationCreateWithAPI" tests="1" failures="0" timestamp="16 Mar 2017 05:50:12 GMT" time="119.675" errors="0">
  <testcase name="changeData" time="119.675" classname="com.uktech.test.frontEnd_Dynamic.zDATACreationCreateWithAPI"/>
</testsuite> <!-- com.uktech.test.frontEnd_Dynamic.zDATACreationCreateWithAPI -->
