<?xml version="1.0" encoding="UTF-8"?>
<!-- Generated by org.testng.reporters.JUnitReportReporter -->
<testsuite hostname="t2s-019" name="com.uktech.test.frontEnd_Dynamic.contactPageTest" tests="1" failures="0" timestamp="16 Mar 2017 06:24:20 GMT" time="332.452" errors="0">
  <testcase name="contactPageTests" time="332.452" classname="com.uktech.test.frontEnd_Dynamic.contactPageTest"/>
</testsuite> <!-- com.uktech.test.frontEnd_Dynamic.contactPageTest -->
