<?xml version="1.0" encoding="UTF-8"?>
<!-- Generated by org.testng.reporters.JUnitReportReporter -->
<testsuite hostname="t2s-019" name="com.uktech.test.frontEnd_Dynamic.orderPageTest" tests="1" failures="0" timestamp="16 Mar 2017 13:05:22 GMT" time="47.989" errors="0">
  <testcase name="orderPageTests" time="47.989" classname="com.uktech.test.frontEnd_Dynamic.orderPageTest"/>
</testsuite> <!-- com.uktech.test.frontEnd_Dynamic.orderPageTest -->
