<?xml version="1.0" encoding="UTF-8"?>
<!-- Generated by org.testng.reporters.JUnitReportReporter -->
<testsuite hostname="t2s-019" name="com.t2s.testScripts.test" tests="1" failures="0" timestamp="28 Feb 2017 13:16:32 GMT" time="9.566" errors="0">
  <testcase name="openHomePage" time="9.566" classname="com.t2s.testScripts.test"/>
</testsuite> <!-- com.t2s.testScripts.test -->
