<?xml version="1.0" encoding="UTF-8"?>
<!-- Generated by org.testng.reporters.JUnitReportReporter -->
<testsuite hostname="t2s-019" name="com.t2s.testScripts.orderPageTest" tests="1" failures="0" timestamp="14 Mar 2017 10:13:17 GMT" time="70.370" errors="0">
  <testcase name="orderPageTests" time="70.370" classname="com.t2s.testScripts.orderPageTest"/>
</testsuite> <!-- com.t2s.testScripts.orderPageTest -->
