<?xml version="1.0" encoding="UTF-8"?>
<!-- Generated by org.testng.reporters.JUnitReportReporter -->
<testsuite hostname="t2s-019" name="com.t2s.testScripts.contactPageTest" tests="1" failures="0" timestamp="1 Mar 2017 15:19:58 GMT" time="22.557" errors="0">
  <testcase name="contactPageTests" time="22.557" classname="com.t2s.testScripts.contactPageTest"/>
</testsuite> <!-- com.t2s.testScripts.contactPageTest -->
