<?xml version="1.0" encoding="UTF-8"?>
<!-- Generated by org.testng.reporters.JUnitReportReporter -->
<testsuite hostname="t2s-019" name="com.t2s.testScripts.createJSON" tests="1" failures="0" timestamp="27 Feb 2017 11:23:18 GMT" time="0.406" errors="0">
  <testcase name="createJSONFile" time="0.406" classname="com.t2s.testScripts.createJSON"/>
</testsuite> <!-- com.t2s.testScripts.createJSON -->
